{"/Users/Isha_Deep/Desktop/TECH UNIVERSITY/week3/expressTodo/src/handlers/task.handler.js": {"path":"/Users/Isha_Deep/Desktop/TECH UNIVERSITY/week3/expressTodo/src/handlers/task.handler.js","statementMap":{"0":{"start":{"line":1,"column":12},"end":{"line":1,"column":26}},"1":{"start":{"line":2,"column":20},"end":{"line":2,"column":55}},"2":{"start":{"line":4,"column":24},"end":{"line":8,"column":1}},"3":{"start":{"line":6,"column":16},"end":{"line":6,"column":51}},"4":{"start":{"line":7,"column":2},"end":{"line":7,"column":30}},"5":{"start":{"line":10,"column":27},"end":{"line":24,"column":1}},"6":{"start":{"line":11,"column":17},"end":{"line":11,"column":27}},"7":{"start":{"line":13,"column":28},"end":{"line":16,"column":4}},"8":{"start":{"line":17,"column":27},"end":{"line":17,"column":65}},"9":{"start":{"line":18,"column":2},"end":{"line":20,"column":3}},"10":{"start":{"line":19,"column":4},"end":{"line":19,"column":48}},"11":{"start":{"line":21,"column":16},"end":{"line":21,"column":56}},"12":{"start":{"line":23,"column":2},"end":{"line":23,"column":30}},"13":{"start":{"line":26,"column":24},"end":{"line":41,"column":1}},"14":{"start":{"line":27,"column":19},"end":{"line":27,"column":22}},"15":{"start":{"line":28,"column":17},"end":{"line":28,"column":31}},"16":{"start":{"line":30,"column":25},"end":{"line":33,"column":4}},"17":{"start":{"line":34,"column":27},"end":{"line":34,"column":56}},"18":{"start":{"line":35,"column":2},"end":{"line":37,"column":3}},"19":{"start":{"line":36,"column":4},"end":{"line":36,"column":48}},"20":{"start":{"line":39,"column":15},"end":{"line":39,"column":54}},"21":{"start":{"line":40,"column":2},"end":{"line":40,"column":29}},"22":{"start":{"line":43,"column":23},"end":{"line":68,"column":1}},"23":{"start":{"line":44,"column":19},"end":{"line":44,"column":22}},"24":{"start":{"line":46,"column":18},"end":{"line":46,"column":31}},"25":{"start":{"line":47,"column":27},"end":{"line":51,"column":4}},"26":{"start":{"line":53,"column":27},"end":{"line":56,"column":4}},"27":{"start":{"line":57,"column":24},"end":{"line":57,"column":61}},"28":{"start":{"line":58,"column":2},"end":{"line":60,"column":3}},"29":{"start":{"line":59,"column":4},"end":{"line":59,"column":46}},"30":{"start":{"line":61,"column":27},"end":{"line":61,"column":58}},"31":{"start":{"line":62,"column":2},"end":{"line":64,"column":3}},"32":{"start":{"line":63,"column":4},"end":{"line":63,"column":48}},"33":{"start":{"line":65,"column":15},"end":{"line":65,"column":62}},"34":{"start":{"line":67,"column":2},"end":{"line":67,"column":29}},"35":{"start":{"line":70,"column":26},"end":{"line":84,"column":1}},"36":{"start":{"line":71,"column":17},"end":{"line":71,"column":27}},"37":{"start":{"line":73,"column":27},"end":{"line":76,"column":4}},"38":{"start":{"line":77,"column":24},"end":{"line":77,"column":61}},"39":{"start":{"line":78,"column":2},"end":{"line":80,"column":3}},"40":{"start":{"line":79,"column":4},"end":{"line":79,"column":46}},"41":{"start":{"line":82,"column":15},"end":{"line":82,"column":54}},"42":{"start":{"line":83,"column":2},"end":{"line":83,"column":39}},"43":{"start":{"line":86,"column":0},"end":{"line":88,"column":2}}},"fnMap":{"0":{"name":"(anonymous_0)","decl":{"start":{"line":4,"column":24},"end":{"line":4,"column":25}},"loc":{"start":{"line":4,"column":44},"end":{"line":8,"column":1}},"line":4},"1":{"name":"(anonymous_1)","decl":{"start":{"line":10,"column":27},"end":{"line":10,"column":28}},"loc":{"start":{"line":10,"column":47},"end":{"line":24,"column":1}},"line":10},"2":{"name":"(anonymous_2)","decl":{"start":{"line":26,"column":24},"end":{"line":26,"column":25}},"loc":{"start":{"line":26,"column":44},"end":{"line":41,"column":1}},"line":26},"3":{"name":"(anonymous_3)","decl":{"start":{"line":43,"column":23},"end":{"line":43,"column":24}},"loc":{"start":{"line":43,"column":43},"end":{"line":68,"column":1}},"line":43},"4":{"name":"(anonymous_4)","decl":{"start":{"line":70,"column":26},"end":{"line":70,"column":27}},"loc":{"start":{"line":70,"column":46},"end":{"line":84,"column":1}},"line":70}},"branchMap":{"0":{"loc":{"start":{"line":18,"column":2},"end":{"line":20,"column":3}},"type":"if","locations":[{"start":{"line":18,"column":2},"end":{"line":20,"column":3}},{"start":{"line":18,"column":2},"end":{"line":20,"column":3}}],"line":18},"1":{"loc":{"start":{"line":35,"column":2},"end":{"line":37,"column":3}},"type":"if","locations":[{"start":{"line":35,"column":2},"end":{"line":37,"column":3}},{"start":{"line":35,"column":2},"end":{"line":37,"column":3}}],"line":35},"2":{"loc":{"start":{"line":58,"column":2},"end":{"line":60,"column":3}},"type":"if","locations":[{"start":{"line":58,"column":2},"end":{"line":60,"column":3}},{"start":{"line":58,"column":2},"end":{"line":60,"column":3}}],"line":58},"3":{"loc":{"start":{"line":62,"column":2},"end":{"line":64,"column":3}},"type":"if","locations":[{"start":{"line":62,"column":2},"end":{"line":64,"column":3}},{"start":{"line":62,"column":2},"end":{"line":64,"column":3}}],"line":62},"4":{"loc":{"start":{"line":78,"column":2},"end":{"line":80,"column":3}},"type":"if","locations":[{"start":{"line":78,"column":2},"end":{"line":80,"column":3}},{"start":{"line":78,"column":2},"end":{"line":80,"column":3}}],"line":78}},"s":{"0":1,"1":1,"2":1,"3":1,"4":1,"5":1,"6":1,"7":1,"8":1,"9":1,"10":0,"11":1,"12":1,"13":1,"14":2,"15":2,"16":2,"17":2,"18":2,"19":1,"20":1,"21":1,"22":1,"23":2,"24":2,"25":2,"26":2,"27":2,"28":2,"29":0,"30":2,"31":2,"32":1,"33":1,"34":1,"35":1,"36":1,"37":1,"38":1,"39":1,"40":0,"41":1,"42":1,"43":1},"f":{"0":1,"1":1,"2":2,"3":2,"4":1},"b":{"0":[0,1],"1":[1,1],"2":[0,2],"3":[1,1],"4":[0,1]},"_coverageSchema":"1a1c01bbd47fc00a2c39e90264f33305004495a9","hash":"5d85ba63affb07ccdc8b3057fb93f573d93cafbf"}
,"/Users/Isha_Deep/Desktop/TECH UNIVERSITY/week3/expressTodo/src/models/index.js": {"path":"/Users/Isha_Deep/Desktop/TECH UNIVERSITY/week3/expressTodo/src/models/index.js","statementMap":{"0":{"start":{"line":3,"column":11},"end":{"line":3,"column":24}},"1":{"start":{"line":4,"column":13},"end":{"line":4,"column":28}},"2":{"start":{"line":5,"column":18},"end":{"line":5,"column":38}},"3":{"start":{"line":6,"column":17},"end":{"line":6,"column":42}},"4":{"start":{"line":7,"column":12},"end":{"line":7,"column":49}},"5":{"start":{"line":8,"column":15},"end":{"line":8,"column":65}},"6":{"start":{"line":9,"column":11},"end":{"line":9,"column":13}},"7":{"start":{"line":12,"column":0},"end":{"line":16,"column":1}},"8":{"start":{"line":13,"column":2},"end":{"line":13,"column":74}},"9":{"start":{"line":15,"column":2},"end":{"line":15,"column":87}},"10":{"start":{"line":18,"column":0},"end":{"line":26,"column":5}},"11":{"start":{"line":21,"column":4},"end":{"line":21,"column":90}},"12":{"start":{"line":24,"column":18},"end":{"line":24,"column":85}},"13":{"start":{"line":25,"column":4},"end":{"line":25,"column":27}},"14":{"start":{"line":28,"column":0},"end":{"line":32,"column":3}},"15":{"start":{"line":29,"column":2},"end":{"line":31,"column":3}},"16":{"start":{"line":30,"column":4},"end":{"line":30,"column":32}},"17":{"start":{"line":34,"column":0},"end":{"line":34,"column":25}},"18":{"start":{"line":35,"column":0},"end":{"line":35,"column":25}},"19":{"start":{"line":37,"column":0},"end":{"line":37,"column":20}}},"fnMap":{"0":{"name":"(anonymous_0)","decl":{"start":{"line":20,"column":10},"end":{"line":20,"column":11}},"loc":{"start":{"line":20,"column":18},"end":{"line":22,"column":3}},"line":20},"1":{"name":"(anonymous_1)","decl":{"start":{"line":23,"column":11},"end":{"line":23,"column":12}},"loc":{"start":{"line":23,"column":19},"end":{"line":26,"column":3}},"line":23},"2":{"name":"(anonymous_2)","decl":{"start":{"line":28,"column":24},"end":{"line":28,"column":25}},"loc":{"start":{"line":28,"column":37},"end":{"line":32,"column":1}},"line":28}},"branchMap":{"0":{"loc":{"start":{"line":7,"column":12},"end":{"line":7,"column":49}},"type":"binary-expr","locations":[{"start":{"line":7,"column":12},"end":{"line":7,"column":32}},{"start":{"line":7,"column":36},"end":{"line":7,"column":49}}],"line":7},"1":{"loc":{"start":{"line":12,"column":0},"end":{"line":16,"column":1}},"type":"if","locations":[{"start":{"line":12,"column":0},"end":{"line":16,"column":1}},{"start":{"line":12,"column":0},"end":{"line":16,"column":1}}],"line":12},"2":{"loc":{"start":{"line":21,"column":11},"end":{"line":21,"column":89}},"type":"binary-expr","locations":[{"start":{"line":21,"column":12},"end":{"line":21,"column":35}},{"start":{"line":21,"column":41},"end":{"line":21,"column":58}},{"start":{"line":21,"column":64},"end":{"line":21,"column":88}}],"line":21},"3":{"loc":{"start":{"line":29,"column":2},"end":{"line":31,"column":3}},"type":"if","locations":[{"start":{"line":29,"column":2},"end":{"line":31,"column":3}},{"start":{"line":29,"column":2},"end":{"line":31,"column":3}}],"line":29}},"s":{"0":2,"1":2,"2":2,"3":2,"4":2,"5":2,"6":2,"7":2,"8":0,"9":2,"10":2,"11":4,"12":2,"13":2,"14":2,"15":2,"16":2,"17":2,"18":2,"19":2},"f":{"0":4,"1":2,"2":2},"b":{"0":[2,0],"1":[0,2],"2":[4,4,2],"3":[2,0]},"_coverageSchema":"1a1c01bbd47fc00a2c39e90264f33305004495a9","hash":"02dab91f966c0bc0f8b4b3f77e5c54e965e22284"}
,"/Users/Isha_Deep/Desktop/TECH UNIVERSITY/week3/expressTodo/src/models/todo.js": {"path":"/Users/Isha_Deep/Desktop/TECH UNIVERSITY/week3/expressTodo/src/models/todo.js","statementMap":{"0":{"start":{"line":4,"column":4},"end":{"line":4,"column":24}},"1":{"start":{"line":5,"column":0},"end":{"line":24,"column":2}},"2":{"start":{"line":16,"column":2},"end":{"line":22,"column":5}},"3":{"start":{"line":23,"column":2},"end":{"line":23,"column":14}}},"fnMap":{"0":{"name":"(anonymous_0)","decl":{"start":{"line":5,"column":17},"end":{"line":5,"column":18}},"loc":{"start":{"line":5,"column":43},"end":{"line":24,"column":1}},"line":5},"1":{"name":"(anonymous_1)","decl":{"start":{"line":12,"column":4},"end":{"line":12,"column":5}},"loc":{"start":{"line":12,"column":29},"end":{"line":14,"column":5}},"line":12}},"branchMap":{},"s":{"0":2,"1":2,"2":2,"3":2},"f":{"0":2,"1":2},"b":{},"_coverageSchema":"1a1c01bbd47fc00a2c39e90264f33305004495a9","hash":"e1062657130d772fc5e2f6764139cc5a98d9d418"}
,"/Users/Isha_Deep/Desktop/TECH UNIVERSITY/week3/expressTodo/src/repository/todo.repository.js": {"path":"/Users/Isha_Deep/Desktop/TECH UNIVERSITY/week3/expressTodo/src/repository/todo.repository.js","statementMap":{"0":{"start":{"line":1,"column":17},"end":{"line":1,"column":37}},"1":{"start":{"line":3,"column":17},"end":{"line":6,"column":1}},"2":{"start":{"line":4,"column":16},"end":{"line":4,"column":36}},"3":{"start":{"line":5,"column":2},"end":{"line":5,"column":20}},"4":{"start":{"line":7,"column":20},"end":{"line":14,"column":1}},"5":{"start":{"line":8,"column":16},"end":{"line":12,"column":4}},"6":{"start":{"line":13,"column":2},"end":{"line":13,"column":20}},"7":{"start":{"line":16,"column":17},"end":{"line":23,"column":1}},"8":{"start":{"line":17,"column":17},"end":{"line":17,"column":27}},"9":{"start":{"line":18,"column":17},"end":{"line":18,"column":28}},"10":{"start":{"line":20,"column":15},"end":{"line":20,"column":68}},"11":{"start":{"line":22,"column":2},"end":{"line":22,"column":19}},"12":{"start":{"line":25,"column":19},"end":{"line":31,"column":1}},"13":{"start":{"line":26,"column":20},"end":{"line":26,"column":24}},"14":{"start":{"line":27,"column":21},"end":{"line":27,"column":25}},"15":{"start":{"line":29,"column":15},"end":{"line":29,"column":115}},"16":{"start":{"line":30,"column":2},"end":{"line":30,"column":14}},"17":{"start":{"line":33,"column":19},"end":{"line":35,"column":1}},"18":{"start":{"line":34,"column":2},"end":{"line":34,"column":55}},"19":{"start":{"line":36,"column":0},"end":{"line":38,"column":2}}},"fnMap":{"0":{"name":"(anonymous_0)","decl":{"start":{"line":3,"column":17},"end":{"line":3,"column":18}},"loc":{"start":{"line":3,"column":29},"end":{"line":6,"column":1}},"line":3},"1":{"name":"(anonymous_1)","decl":{"start":{"line":7,"column":20},"end":{"line":7,"column":21}},"loc":{"start":{"line":7,"column":34},"end":{"line":14,"column":1}},"line":7},"2":{"name":"(anonymous_2)","decl":{"start":{"line":16,"column":17},"end":{"line":16,"column":18}},"loc":{"start":{"line":16,"column":33},"end":{"line":23,"column":1}},"line":16},"3":{"name":"(anonymous_3)","decl":{"start":{"line":25,"column":19},"end":{"line":25,"column":20}},"loc":{"start":{"line":25,"column":43},"end":{"line":31,"column":1}},"line":25},"4":{"name":"(anonymous_4)","decl":{"start":{"line":33,"column":19},"end":{"line":33,"column":20}},"loc":{"start":{"line":33,"column":37},"end":{"line":35,"column":1}},"line":33}},"branchMap":{},"s":{"0":2,"1":2,"2":0,"3":0,"4":2,"5":0,"6":0,"7":2,"8":0,"9":0,"10":0,"11":0,"12":2,"13":0,"14":0,"15":0,"16":0,"17":2,"18":0,"19":2},"f":{"0":0,"1":0,"2":0,"3":0,"4":0},"b":{},"_coverageSchema":"1a1c01bbd47fc00a2c39e90264f33305004495a9","hash":"018f54fd7384f840b93901e1ffd46e5b0dcc8eef"}
,"/Users/Isha_Deep/Desktop/TECH UNIVERSITY/week3/expressTodo/src/services/task.service.js": {"path":"/Users/Isha_Deep/Desktop/TECH UNIVERSITY/week3/expressTodo/src/services/task.service.js","statementMap":{"0":{"start":{"line":1,"column":17},"end":{"line":1,"column":37}},"1":{"start":{"line":2,"column":23},"end":{"line":2,"column":63}},"2":{"start":{"line":4,"column":24},"end":{"line":8,"column":1}},"3":{"start":{"line":5,"column":16},"end":{"line":5,"column":36}},"4":{"start":{"line":7,"column":2},"end":{"line":7,"column":15}},"5":{"start":{"line":9,"column":27},"end":{"line":16,"column":1}},"6":{"start":{"line":10,"column":16},"end":{"line":14,"column":4}},"7":{"start":{"line":15,"column":2},"end":{"line":15,"column":15}},"8":{"start":{"line":18,"column":24},"end":{"line":21,"column":1}},"9":{"start":{"line":19,"column":16},"end":{"line":19,"column":77}},"10":{"start":{"line":20,"column":2},"end":{"line":20,"column":15}},"11":{"start":{"line":23,"column":23},"end":{"line":31,"column":1}},"12":{"start":{"line":24,"column":15},"end":{"line":29,"column":4}},"13":{"start":{"line":30,"column":2},"end":{"line":30,"column":14}},"14":{"start":{"line":33,"column":26},"end":{"line":36,"column":1}},"15":{"start":{"line":34,"column":15},"end":{"line":34,"column":60}},"16":{"start":{"line":35,"column":2},"end":{"line":35,"column":14}},"17":{"start":{"line":38,"column":0},"end":{"line":40,"column":2}}},"fnMap":{"0":{"name":"(anonymous_0)","decl":{"start":{"line":4,"column":24},"end":{"line":4,"column":25}},"loc":{"start":{"line":4,"column":36},"end":{"line":8,"column":1}},"line":4},"1":{"name":"(anonymous_1)","decl":{"start":{"line":9,"column":27},"end":{"line":9,"column":28}},"loc":{"start":{"line":9,"column":46},"end":{"line":16,"column":1}},"line":9},"2":{"name":"(anonymous_2)","decl":{"start":{"line":18,"column":24},"end":{"line":18,"column":25}},"loc":{"start":{"line":18,"column":40},"end":{"line":21,"column":1}},"line":18},"3":{"name":"(anonymous_3)","decl":{"start":{"line":23,"column":23},"end":{"line":23,"column":24}},"loc":{"start":{"line":23,"column":48},"end":{"line":31,"column":1}},"line":23},"4":{"name":"(anonymous_4)","decl":{"start":{"line":33,"column":26},"end":{"line":33,"column":27}},"loc":{"start":{"line":33,"column":45},"end":{"line":36,"column":1}},"line":33}},"branchMap":{},"s":{"0":2,"1":2,"2":2,"3":1,"4":1,"5":2,"6":1,"7":0,"8":2,"9":1,"10":1,"11":2,"12":2,"13":2,"14":2,"15":0,"16":0,"17":2},"f":{"0":1,"1":1,"2":1,"3":2,"4":0},"b":{},"_coverageSchema":"1a1c01bbd47fc00a2c39e90264f33305004495a9","hash":"ed67208eb5a9fc482560246a7aeb494a3f9868d0"}
,"/Users/Isha_Deep/Desktop/TECH UNIVERSITY/week3/expressTodo/src/utils/task.util.js": {"path":"/Users/Isha_Deep/Desktop/TECH UNIVERSITY/week3/expressTodo/src/utils/task.util.js","statementMap":{"0":{"start":{"line":1,"column":11},"end":{"line":1,"column":24}},"1":{"start":{"line":3,"column":11},"end":{"line":3,"column":12}},"2":{"start":{"line":5,"column":2},"end":{"line":12,"column":5}},"3":{"start":{"line":6,"column":4},"end":{"line":11,"column":7}},"4":{"start":{"line":7,"column":6},"end":{"line":9,"column":7}},"5":{"start":{"line":8,"column":8},"end":{"line":8,"column":20}},"6":{"start":{"line":10,"column":6},"end":{"line":10,"column":20}},"7":{"start":{"line":15,"column":16},"end":{"line":15,"column":43}},"8":{"start":{"line":16,"column":18},"end":{"line":20,"column":4}},"9":{"start":{"line":17,"column":20},"end":{"line":17,"column":35}},"10":{"start":{"line":19,"column":4},"end":{"line":19,"column":68}},"11":{"start":{"line":21,"column":2},"end":{"line":21,"column":17}},"12":{"start":{"line":25,"column":2},"end":{"line":31,"column":5}},"13":{"start":{"line":26,"column":4},"end":{"line":30,"column":7}},"14":{"start":{"line":27,"column":6},"end":{"line":29,"column":7}},"15":{"start":{"line":28,"column":8},"end":{"line":28,"column":20}},"16":{"start":{"line":35,"column":15},"end":{"line":35,"column":57}},"17":{"start":{"line":36,"column":16},"end":{"line":36,"column":33}},"18":{"start":{"line":37,"column":2},"end":{"line":37,"column":14}},"19":{"start":{"line":41,"column":21},"end":{"line":41,"column":23}},"20":{"start":{"line":42,"column":2},"end":{"line":42,"column":21}},"21":{"start":{"line":43,"column":2},"end":{"line":43,"column":28}},"22":{"start":{"line":44,"column":2},"end":{"line":44,"column":30}},"23":{"start":{"line":46,"column":22},"end":{"line":46,"column":42}},"24":{"start":{"line":47,"column":25},"end":{"line":47,"column":49}},"25":{"start":{"line":49,"column":2},"end":{"line":49,"column":24}},"26":{"start":{"line":53,"column":18},"end":{"line":53,"column":20}},"27":{"start":{"line":54,"column":18},"end":{"line":54,"column":20}},"28":{"start":{"line":55,"column":2},"end":{"line":64,"column":5}},"29":{"start":{"line":56,"column":4},"end":{"line":63,"column":5}},"30":{"start":{"line":57,"column":6},"end":{"line":57,"column":27}},"31":{"start":{"line":58,"column":6},"end":{"line":58,"column":27}},"32":{"start":{"line":59,"column":6},"end":{"line":59,"column":29}},"33":{"start":{"line":60,"column":6},"end":{"line":60,"column":29}},"34":{"start":{"line":61,"column":6},"end":{"line":61,"column":31}},"35":{"start":{"line":62,"column":6},"end":{"line":62,"column":31}},"36":{"start":{"line":65,"column":25},"end":{"line":65,"column":42}},"37":{"start":{"line":66,"column":25},"end":{"line":66,"column":42}},"38":{"start":{"line":67,"column":2},"end":{"line":67,"column":30}},"39":{"start":{"line":68,"column":15},"end":{"line":68,"column":57}},"40":{"start":{"line":69,"column":21},"end":{"line":69,"column":65}},"41":{"start":{"line":71,"column":2},"end":{"line":75,"column":5}},"42":{"start":{"line":72,"column":4},"end":{"line":74,"column":5}},"43":{"start":{"line":73,"column":6},"end":{"line":73,"column":23}},"44":{"start":{"line":77,"column":2},"end":{"line":77,"column":15}},"45":{"start":{"line":81,"column":18},"end":{"line":81,"column":20}},"46":{"start":{"line":82,"column":18},"end":{"line":82,"column":20}},"47":{"start":{"line":83,"column":2},"end":{"line":91,"column":5}},"48":{"start":{"line":84,"column":4},"end":{"line":90,"column":5}},"49":{"start":{"line":85,"column":6},"end":{"line":85,"column":27}},"50":{"start":{"line":87,"column":6},"end":{"line":87,"column":29}},"51":{"start":{"line":89,"column":6},"end":{"line":89,"column":31}},"52":{"start":{"line":92,"column":25},"end":{"line":92,"column":42}},"53":{"start":{"line":94,"column":15},"end":{"line":94,"column":57}},"54":{"start":{"line":95,"column":21},"end":{"line":95,"column":53}},"55":{"start":{"line":97,"column":2},"end":{"line":101,"column":5}},"56":{"start":{"line":98,"column":4},"end":{"line":100,"column":5}},"57":{"start":{"line":99,"column":6},"end":{"line":99,"column":23}},"58":{"start":{"line":103,"column":2},"end":{"line":103,"column":15}},"59":{"start":{"line":106,"column":0},"end":{"line":108,"column":2}}},"fnMap":{"0":{"name":"readData","decl":{"start":{"line":4,"column":9},"end":{"line":4,"column":17}},"loc":{"start":{"line":4,"column":28},"end":{"line":13,"column":1}},"line":4},"1":{"name":"(anonymous_1)","decl":{"start":{"line":5,"column":21},"end":{"line":5,"column":22}},"loc":{"start":{"line":5,"column":42},"end":{"line":12,"column":3}},"line":5},"2":{"name":"(anonymous_2)","decl":{"start":{"line":6,"column":35},"end":{"line":6,"column":36}},"loc":{"start":{"line":6,"column":50},"end":{"line":11,"column":5}},"line":6},"3":{"name":"convertTodo","decl":{"start":{"line":14,"column":9},"end":{"line":14,"column":20}},"loc":{"start":{"line":14,"column":27},"end":{"line":22,"column":1}},"line":14},"4":{"name":"(anonymous_4)","decl":{"start":{"line":16,"column":28},"end":{"line":16,"column":29}},"loc":{"start":{"line":16,"column":38},"end":{"line":20,"column":3}},"line":16},"5":{"name":"writeData","decl":{"start":{"line":24,"column":9},"end":{"line":24,"column":18}},"loc":{"start":{"line":24,"column":38},"end":{"line":32,"column":1}},"line":24},"6":{"name":"(anonymous_6)","decl":{"start":{"line":25,"column":21},"end":{"line":25,"column":22}},"loc":{"start":{"line":25,"column":43},"end":{"line":31,"column":3}},"line":25},"7":{"name":"(anonymous_7)","decl":{"start":{"line":26,"column":37},"end":{"line":26,"column":38}},"loc":{"start":{"line":26,"column":46},"end":{"line":30,"column":5}},"line":26},"8":{"name":"getArray","decl":{"start":{"line":34,"column":15},"end":{"line":34,"column":23}},"loc":{"start":{"line":34,"column":26},"end":{"line":38,"column":1}},"line":34},"9":{"name":"convertTodoByUser","decl":{"start":{"line":40,"column":9},"end":{"line":40,"column":26}},"loc":{"start":{"line":40,"column":37},"end":{"line":50,"column":1}},"line":40},"10":{"name":"changeData","decl":{"start":{"line":52,"column":15},"end":{"line":52,"column":25}},"loc":{"start":{"line":52,"column":48},"end":{"line":78,"column":1}},"line":52},"11":{"name":"(anonymous_11)","decl":{"start":{"line":55,"column":16},"end":{"line":55,"column":17}},"loc":{"start":{"line":55,"column":26},"end":{"line":64,"column":3}},"line":55},"12":{"name":"(anonymous_12)","decl":{"start":{"line":71,"column":61},"end":{"line":71,"column":62}},"loc":{"start":{"line":71,"column":70},"end":{"line":75,"column":3}},"line":71},"13":{"name":"changeDeleteData","decl":{"start":{"line":80,"column":15},"end":{"line":80,"column":31}},"loc":{"start":{"line":80,"column":48},"end":{"line":104,"column":1}},"line":80},"14":{"name":"(anonymous_14)","decl":{"start":{"line":83,"column":16},"end":{"line":83,"column":17}},"loc":{"start":{"line":83,"column":26},"end":{"line":91,"column":3}},"line":83},"15":{"name":"(anonymous_15)","decl":{"start":{"line":97,"column":61},"end":{"line":97,"column":62}},"loc":{"start":{"line":97,"column":70},"end":{"line":101,"column":3}},"line":97}},"branchMap":{"0":{"loc":{"start":{"line":7,"column":6},"end":{"line":9,"column":7}},"type":"if","locations":[{"start":{"line":7,"column":6},"end":{"line":9,"column":7}},{"start":{"line":7,"column":6},"end":{"line":9,"column":7}}],"line":7},"1":{"loc":{"start":{"line":27,"column":6},"end":{"line":29,"column":7}},"type":"if","locations":[{"start":{"line":27,"column":6},"end":{"line":29,"column":7}},{"start":{"line":27,"column":6},"end":{"line":29,"column":7}}],"line":27},"2":{"loc":{"start":{"line":56,"column":4},"end":{"line":63,"column":5}},"type":"if","locations":[{"start":{"line":56,"column":4},"end":{"line":63,"column":5}},{"start":{"line":56,"column":4},"end":{"line":63,"column":5}}],"line":56},"3":{"loc":{"start":{"line":72,"column":4},"end":{"line":74,"column":5}},"type":"if","locations":[{"start":{"line":72,"column":4},"end":{"line":74,"column":5}},{"start":{"line":72,"column":4},"end":{"line":74,"column":5}}],"line":72},"4":{"loc":{"start":{"line":84,"column":4},"end":{"line":90,"column":5}},"type":"if","locations":[{"start":{"line":84,"column":4},"end":{"line":90,"column":5}},{"start":{"line":84,"column":4},"end":{"line":90,"column":5}}],"line":84},"5":{"loc":{"start":{"line":98,"column":4},"end":{"line":100,"column":5}},"type":"if","locations":[{"start":{"line":98,"column":4},"end":{"line":100,"column":5}},{"start":{"line":98,"column":4},"end":{"line":100,"column":5}}],"line":98}},"s":{"0":2,"1":2,"2":1,"3":1,"4":1,"5":0,"6":1,"7":1,"8":1,"9":2,"10":2,"11":1,"12":1,"13":1,"14":0,"15":0,"16":0,"17":0,"18":0,"19":1,"20":1,"21":1,"22":1,"23":1,"24":1,"25":1,"26":0,"27":0,"28":0,"29":0,"30":0,"31":0,"32":0,"33":0,"34":0,"35":0,"36":0,"37":0,"38":0,"39":0,"40":0,"41":0,"42":0,"43":0,"44":0,"45":0,"46":0,"47":0,"48":0,"49":0,"50":0,"51":0,"52":0,"53":0,"54":0,"55":0,"56":0,"57":0,"58":0,"59":2},"f":{"0":1,"1":1,"2":1,"3":1,"4":2,"5":1,"6":1,"7":0,"8":0,"9":1,"10":0,"11":0,"12":0,"13":0,"14":0,"15":0},"b":{"0":[0,1],"1":[0,0],"2":[0,0],"3":[0,0],"4":[0,0],"5":[0,0]},"_coverageSchema":"1a1c01bbd47fc00a2c39e90264f33305004495a9","hash":"b1e490f7c983626c87169570f98085ae89e64f72"}
}
