{"/Users/Asmita_Hajra/express-todo/src/handlers/todo.handler.js": {"path":"/Users/Asmita_Hajra/express-todo/src/handlers/todo.handler.js","statementMap":{"0":{"start":{"line":1,"column":21},"end":{"line":1,"column":56}},"1":{"start":{"line":3,"column":23},"end":{"line":9,"column":1}},"2":{"start":{"line":5,"column":17},"end":{"line":5,"column":31}},"3":{"start":{"line":6,"column":19},"end":{"line":6,"column":50}},"4":{"start":{"line":7,"column":2},"end":{"line":7,"column":81}},"5":{"start":{"line":7,"column":29},"end":{"line":7,"column":81}},"6":{"start":{"line":8,"column":2},"end":{"line":8,"column":33}},"7":{"start":{"line":11,"column":27},"end":{"line":18,"column":1}},"8":{"start":{"line":12,"column":17},"end":{"line":12,"column":31}},"9":{"start":{"line":13,"column":17},"end":{"line":13,"column":30}},"10":{"start":{"line":14,"column":22},"end":{"line":14,"column":62}},"11":{"start":{"line":16,"column":2},"end":{"line":16,"column":83}},"12":{"start":{"line":16,"column":32},"end":{"line":16,"column":83}},"13":{"start":{"line":17,"column":2},"end":{"line":17,"column":36}},"14":{"start":{"line":20,"column":24},"end":{"line":27,"column":1}},"15":{"start":{"line":21,"column":17},"end":{"line":21,"column":31}},"16":{"start":{"line":22,"column":19},"end":{"line":22,"column":22}},"17":{"start":{"line":23,"column":21},"end":{"line":23,"column":60}},"18":{"start":{"line":25,"column":2},"end":{"line":25,"column":84}},"19":{"start":{"line":25,"column":31},"end":{"line":25,"column":84}},"20":{"start":{"line":26,"column":2},"end":{"line":26,"column":35}},"21":{"start":{"line":29,"column":23},"end":{"line":36,"column":1}},"22":{"start":{"line":30,"column":17},"end":{"line":30,"column":30}},"23":{"start":{"line":31,"column":17},"end":{"line":31,"column":31}},"24":{"start":{"line":32,"column":19},"end":{"line":32,"column":22}},"25":{"start":{"line":33,"column":22},"end":{"line":33,"column":69}},"26":{"start":{"line":34,"column":2},"end":{"line":34,"column":85}},"27":{"start":{"line":34,"column":32},"end":{"line":34,"column":85}},"28":{"start":{"line":35,"column":2},"end":{"line":35,"column":36}},"29":{"start":{"line":38,"column":30},"end":{"line":44,"column":1}},"30":{"start":{"line":39,"column":17},"end":{"line":39,"column":30}},"31":{"start":{"line":40,"column":17},"end":{"line":40,"column":31}},"32":{"start":{"line":41,"column":22},"end":{"line":41,"column":63}},"33":{"start":{"line":42,"column":2},"end":{"line":42,"column":85}},"34":{"start":{"line":42,"column":32},"end":{"line":42,"column":85}},"35":{"start":{"line":43,"column":2},"end":{"line":43,"column":36}},"36":{"start":{"line":51,"column":0},"end":{"line":53,"column":2}}},"fnMap":{"0":{"name":"(anonymous_0)","decl":{"start":{"line":3,"column":23},"end":{"line":3,"column":24}},"loc":{"start":{"line":3,"column":43},"end":{"line":9,"column":1}},"line":3},"1":{"name":"(anonymous_1)","decl":{"start":{"line":11,"column":27},"end":{"line":11,"column":28}},"loc":{"start":{"line":11,"column":47},"end":{"line":18,"column":1}},"line":11},"2":{"name":"(anonymous_2)","decl":{"start":{"line":20,"column":24},"end":{"line":20,"column":25}},"loc":{"start":{"line":20,"column":44},"end":{"line":27,"column":1}},"line":20},"3":{"name":"(anonymous_3)","decl":{"start":{"line":29,"column":23},"end":{"line":29,"column":24}},"loc":{"start":{"line":29,"column":43},"end":{"line":36,"column":1}},"line":29},"4":{"name":"(anonymous_4)","decl":{"start":{"line":38,"column":30},"end":{"line":38,"column":31}},"loc":{"start":{"line":38,"column":50},"end":{"line":44,"column":1}},"line":38}},"branchMap":{"0":{"loc":{"start":{"line":7,"column":2},"end":{"line":7,"column":81}},"type":"if","locations":[{"start":{"line":7,"column":2},"end":{"line":7,"column":81}},{"start":{"line":7,"column":2},"end":{"line":7,"column":81}}],"line":7},"1":{"loc":{"start":{"line":16,"column":2},"end":{"line":16,"column":83}},"type":"if","locations":[{"start":{"line":16,"column":2},"end":{"line":16,"column":83}},{"start":{"line":16,"column":2},"end":{"line":16,"column":83}}],"line":16},"2":{"loc":{"start":{"line":25,"column":2},"end":{"line":25,"column":84}},"type":"if","locations":[{"start":{"line":25,"column":2},"end":{"line":25,"column":84}},{"start":{"line":25,"column":2},"end":{"line":25,"column":84}}],"line":25},"3":{"loc":{"start":{"line":34,"column":2},"end":{"line":34,"column":85}},"type":"if","locations":[{"start":{"line":34,"column":2},"end":{"line":34,"column":85}},{"start":{"line":34,"column":2},"end":{"line":34,"column":85}}],"line":34},"4":{"loc":{"start":{"line":42,"column":2},"end":{"line":42,"column":85}},"type":"if","locations":[{"start":{"line":42,"column":2},"end":{"line":42,"column":85}},{"start":{"line":42,"column":2},"end":{"line":42,"column":85}}],"line":42}},"s":{"0":1,"1":1,"2":3,"3":3,"4":3,"5":1,"6":2,"7":1,"8":3,"9":3,"10":3,"11":3,"12":1,"13":2,"14":1,"15":3,"16":3,"17":3,"18":3,"19":1,"20":2,"21":1,"22":3,"23":3,"24":3,"25":3,"26":3,"27":1,"28":2,"29":1,"30":3,"31":3,"32":3,"33":3,"34":1,"35":2,"36":1},"f":{"0":3,"1":3,"2":3,"3":3,"4":3},"b":{"0":[1,2],"1":[1,2],"2":[1,2],"3":[1,2],"4":[1,2]},"_coverageSchema":"1a1c01bbd47fc00a2c39e90264f33305004495a9","hash":"ef8b9e67a87d34590316401fd8b519dab71925c0"}
,"/Users/Asmita_Hajra/express-todo/src/repository/todo.repository.js": {"path":"/Users/Asmita_Hajra/express-todo/src/repository/todo.repository.js","statementMap":{"0":{"start":{"line":1,"column":22},"end":{"line":4,"column":1}},"1":{"start":{"line":2,"column":16},"end":{"line":2,"column":53}},"2":{"start":{"line":3,"column":2},"end":{"line":3,"column":20}},"3":{"start":{"line":6,"column":25},"end":{"line":9,"column":1}},"4":{"start":{"line":7,"column":15},"end":{"line":7,"column":67}},"5":{"start":{"line":8,"column":2},"end":{"line":8,"column":19}},"6":{"start":{"line":11,"column":24},"end":{"line":19,"column":1}},"7":{"start":{"line":13,"column":20},"end":{"line":13,"column":24}},"8":{"start":{"line":14,"column":21},"end":{"line":14,"column":25}},"9":{"start":{"line":16,"column":15},"end":{"line":16,"column":109}},"10":{"start":{"line":18,"column":2},"end":{"line":18,"column":19}},"11":{"start":{"line":21,"column":24},"end":{"line":28,"column":1}},"12":{"start":{"line":23,"column":20},"end":{"line":23,"column":24}},"13":{"start":{"line":24,"column":21},"end":{"line":24,"column":25}},"14":{"start":{"line":26,"column":15},"end":{"line":26,"column":113}},"15":{"start":{"line":27,"column":2},"end":{"line":27,"column":19}},"16":{"start":{"line":30,"column":28},"end":{"line":34,"column":1}},"17":{"start":{"line":32,"column":15},"end":{"line":32,"column":77}},"18":{"start":{"line":33,"column":2},"end":{"line":33,"column":19}},"19":{"start":{"line":36,"column":0},"end":{"line":42,"column":2}}},"fnMap":{"0":{"name":"(anonymous_0)","decl":{"start":{"line":1,"column":22},"end":{"line":1,"column":23}},"loc":{"start":{"line":1,"column":36},"end":{"line":4,"column":1}},"line":1},"1":{"name":"(anonymous_1)","decl":{"start":{"line":6,"column":25},"end":{"line":6,"column":26}},"loc":{"start":{"line":6,"column":43},"end":{"line":9,"column":1}},"line":6},"2":{"name":"(anonymous_2)","decl":{"start":{"line":11,"column":24},"end":{"line":11,"column":25}},"loc":{"start":{"line":11,"column":44},"end":{"line":19,"column":1}},"line":11},"3":{"name":"(anonymous_3)","decl":{"start":{"line":21,"column":24},"end":{"line":21,"column":25}},"loc":{"start":{"line":21,"column":48},"end":{"line":28,"column":1}},"line":21},"4":{"name":"(anonymous_4)","decl":{"start":{"line":30,"column":28},"end":{"line":30,"column":29}},"loc":{"start":{"line":30,"column":46},"end":{"line":34,"column":1}},"line":30}},"branchMap":{},"s":{"0":2,"1":0,"2":0,"3":2,"4":0,"5":0,"6":2,"7":0,"8":0,"9":0,"10":0,"11":2,"12":0,"13":0,"14":0,"15":0,"16":2,"17":0,"18":0,"19":2},"f":{"0":0,"1":0,"2":0,"3":0,"4":0},"b":{},"_coverageSchema":"1a1c01bbd47fc00a2c39e90264f33305004495a9","hash":"fa93c40e7ac73325ed9e01f4660a5619fc00bbd2"}
,"/Users/Asmita_Hajra/express-todo/src/services/todo.service.js": {"path":"/Users/Asmita_Hajra/express-todo/src/services/todo.service.js","statementMap":{"0":{"start":{"line":4,"column":23},"end":{"line":4,"column":63}},"1":{"start":{"line":12,"column":17},"end":{"line":18,"column":1}},"2":{"start":{"line":13,"column":16},"end":{"line":13,"column":54}},"3":{"start":{"line":17,"column":2},"end":{"line":17,"column":15}},"4":{"start":{"line":28,"column":18},"end":{"line":31,"column":1}},"5":{"start":{"line":29,"column":22},"end":{"line":29,"column":71}},"6":{"start":{"line":30,"column":2},"end":{"line":30,"column":21}},"7":{"start":{"line":53,"column":19},"end":{"line":56,"column":1}},"8":{"start":{"line":54,"column":22},"end":{"line":54,"column":68}},"9":{"start":{"line":55,"column":2},"end":{"line":55,"column":21}},"10":{"start":{"line":72,"column":19},"end":{"line":75,"column":1}},"11":{"start":{"line":73,"column":22},"end":{"line":73,"column":72}},"12":{"start":{"line":74,"column":2},"end":{"line":74,"column":21}},"13":{"start":{"line":111,"column":19},"end":{"line":114,"column":1}},"14":{"start":{"line":112,"column":22},"end":{"line":112,"column":74}},"15":{"start":{"line":113,"column":2},"end":{"line":113,"column":21}},"16":{"start":{"line":125,"column":0},"end":{"line":131,"column":2}}},"fnMap":{"0":{"name":"(anonymous_0)","decl":{"start":{"line":12,"column":17},"end":{"line":12,"column":18}},"loc":{"start":{"line":12,"column":31},"end":{"line":18,"column":1}},"line":12},"1":{"name":"(anonymous_1)","decl":{"start":{"line":28,"column":18},"end":{"line":28,"column":19}},"loc":{"start":{"line":28,"column":40},"end":{"line":31,"column":1}},"line":28},"2":{"name":"(anonymous_2)","decl":{"start":{"line":53,"column":19},"end":{"line":53,"column":20}},"loc":{"start":{"line":53,"column":39},"end":{"line":56,"column":1}},"line":53},"3":{"name":"(anonymous_3)","decl":{"start":{"line":72,"column":19},"end":{"line":72,"column":20}},"loc":{"start":{"line":72,"column":43},"end":{"line":75,"column":1}},"line":72},"4":{"name":"(anonymous_4)","decl":{"start":{"line":111,"column":19},"end":{"line":111,"column":20}},"loc":{"start":{"line":111,"column":41},"end":{"line":114,"column":1}},"line":111}},"branchMap":{},"s":{"0":2,"1":2,"2":1,"3":1,"4":2,"5":1,"6":1,"7":2,"8":1,"9":1,"10":2,"11":1,"12":1,"13":2,"14":1,"15":1,"16":2},"f":{"0":1,"1":1,"2":1,"3":1,"4":1},"b":{},"_coverageSchema":"1a1c01bbd47fc00a2c39e90264f33305004495a9","hash":"573d9e043142289fde4efa1d4964f5cc875803ab"}
,"/Users/Asmita_Hajra/express-todo/src/utils/fsFunctions.js": {"path":"/Users/Asmita_Hajra/express-todo/src/utils/fsFunctions.js","statementMap":{"0":{"start":{"line":1,"column":11},"end":{"line":1,"column":24}},"1":{"start":{"line":3,"column":26},"end":{"line":11,"column":2}},"2":{"start":{"line":3,"column":40},"end":{"line":11,"column":2}},"3":{"start":{"line":4,"column":2},"end":{"line":10,"column":5}},"4":{"start":{"line":5,"column":4},"end":{"line":9,"column":5}},"5":{"start":{"line":6,"column":6},"end":{"line":6,"column":18}},"6":{"start":{"line":8,"column":6},"end":{"line":8,"column":20}},"7":{"start":{"line":13,"column":25},"end":{"line":21,"column":2}},"8":{"start":{"line":13,"column":38},"end":{"line":21,"column":2}},"9":{"start":{"line":14,"column":2},"end":{"line":20,"column":5}},"10":{"start":{"line":15,"column":4},"end":{"line":19,"column":5}},"11":{"start":{"line":16,"column":6},"end":{"line":16,"column":18}},"12":{"start":{"line":18,"column":6},"end":{"line":18,"column":21}},"13":{"start":{"line":23,"column":28},"end":{"line":31,"column":2}},"14":{"start":{"line":23,"column":51},"end":{"line":31,"column":2}},"15":{"start":{"line":24,"column":2},"end":{"line":30,"column":5}},"16":{"start":{"line":25,"column":4},"end":{"line":29,"column":5}},"17":{"start":{"line":26,"column":6},"end":{"line":26,"column":18}},"18":{"start":{"line":28,"column":6},"end":{"line":28,"column":23}},"19":{"start":{"line":33,"column":27},"end":{"line":41,"column":2}},"20":{"start":{"line":33,"column":54},"end":{"line":41,"column":2}},"21":{"start":{"line":34,"column":2},"end":{"line":40,"column":5}},"22":{"start":{"line":35,"column":4},"end":{"line":39,"column":5}},"23":{"start":{"line":36,"column":6},"end":{"line":36,"column":18}},"24":{"start":{"line":38,"column":6},"end":{"line":38,"column":27}},"25":{"start":{"line":43,"column":0},"end":{"line":48,"column":2}}},"fnMap":{"0":{"name":"(anonymous_0)","decl":{"start":{"line":3,"column":26},"end":{"line":3,"column":27}},"loc":{"start":{"line":3,"column":40},"end":{"line":11,"column":2}},"line":3},"1":{"name":"(anonymous_1)","decl":{"start":{"line":3,"column":52},"end":{"line":3,"column":53}},"loc":{"start":{"line":3,"column":73},"end":{"line":11,"column":1}},"line":3},"2":{"name":"(anonymous_2)","decl":{"start":{"line":4,"column":33},"end":{"line":4,"column":34}},"loc":{"start":{"line":4,"column":48},"end":{"line":10,"column":3}},"line":4},"3":{"name":"(anonymous_3)","decl":{"start":{"line":13,"column":25},"end":{"line":13,"column":26}},"loc":{"start":{"line":13,"column":38},"end":{"line":21,"column":2}},"line":13},"4":{"name":"(anonymous_4)","decl":{"start":{"line":13,"column":50},"end":{"line":13,"column":51}},"loc":{"start":{"line":13,"column":71},"end":{"line":21,"column":1}},"line":13},"5":{"name":"(anonymous_5)","decl":{"start":{"line":14,"column":31},"end":{"line":14,"column":32}},"loc":{"start":{"line":14,"column":47},"end":{"line":20,"column":3}},"line":14},"6":{"name":"(anonymous_6)","decl":{"start":{"line":23,"column":28},"end":{"line":23,"column":29}},"loc":{"start":{"line":23,"column":51},"end":{"line":31,"column":2}},"line":23},"7":{"name":"(anonymous_7)","decl":{"start":{"line":23,"column":63},"end":{"line":23,"column":64}},"loc":{"start":{"line":23,"column":84},"end":{"line":31,"column":1}},"line":23},"8":{"name":"(anonymous_8)","decl":{"start":{"line":24,"column":35},"end":{"line":24,"column":36}},"loc":{"start":{"line":24,"column":44},"end":{"line":30,"column":3}},"line":24},"9":{"name":"(anonymous_9)","decl":{"start":{"line":33,"column":27},"end":{"line":33,"column":28}},"loc":{"start":{"line":33,"column":54},"end":{"line":41,"column":2}},"line":33},"10":{"name":"(anonymous_10)","decl":{"start":{"line":33,"column":66},"end":{"line":33,"column":67}},"loc":{"start":{"line":33,"column":87},"end":{"line":41,"column":1}},"line":33},"11":{"name":"(anonymous_11)","decl":{"start":{"line":34,"column":38},"end":{"line":34,"column":39}},"loc":{"start":{"line":34,"column":47},"end":{"line":40,"column":3}},"line":34}},"branchMap":{"0":{"loc":{"start":{"line":5,"column":4},"end":{"line":9,"column":5}},"type":"if","locations":[{"start":{"line":5,"column":4},"end":{"line":9,"column":5}},{"start":{"line":5,"column":4},"end":{"line":9,"column":5}}],"line":5},"1":{"loc":{"start":{"line":15,"column":4},"end":{"line":19,"column":5}},"type":"if","locations":[{"start":{"line":15,"column":4},"end":{"line":19,"column":5}},{"start":{"line":15,"column":4},"end":{"line":19,"column":5}}],"line":15},"2":{"loc":{"start":{"line":25,"column":4},"end":{"line":29,"column":5}},"type":"if","locations":[{"start":{"line":25,"column":4},"end":{"line":29,"column":5}},{"start":{"line":25,"column":4},"end":{"line":29,"column":5}}],"line":25},"3":{"loc":{"start":{"line":35,"column":4},"end":{"line":39,"column":5}},"type":"if","locations":[{"start":{"line":35,"column":4},"end":{"line":39,"column":5}},{"start":{"line":35,"column":4},"end":{"line":39,"column":5}}],"line":35}},"s":{"0":1,"1":1,"2":0,"3":0,"4":0,"5":0,"6":0,"7":1,"8":0,"9":0,"10":0,"11":0,"12":0,"13":1,"14":0,"15":0,"16":0,"17":0,"18":0,"19":1,"20":0,"21":0,"22":0,"23":0,"24":0,"25":1},"f":{"0":0,"1":0,"2":0,"3":0,"4":0,"5":0,"6":0,"7":0,"8":0,"9":0,"10":0,"11":0},"b":{"0":[0,0],"1":[0,0],"2":[0,0],"3":[0,0]},"_coverageSchema":"1a1c01bbd47fc00a2c39e90264f33305004495a9","hash":"4b28d5668ff24b809da697cf2f6082a31c779eb8"}
}
