TN:
SF:src/handlers/todo.handler.js
FN:3,(anonymous_0)
FN:11,(anonymous_1)
FN:20,(anonymous_2)
FN:28,(anonymous_3)
FN:45,(anonymous_4)
FNF:5
FNH:5
FNDA:1,(anonymous_0)
FNDA:3,(anonymous_1)
FNDA:2,(anonymous_2)
FNDA:3,(anonymous_3)
FNDA:2,(anonymous_4)
DA:1,1
DA:3,1
DA:6,1
DA:8,1
DA:11,1
DA:12,3
DA:13,3
DA:16,3
DA:17,3
DA:20,1
DA:21,2
DA:22,2
DA:24,2
DA:25,2
DA:28,1
DA:29,3
DA:30,3
DA:31,3
DA:35,3
DA:38,3
DA:40,1
DA:42,2
DA:45,1
DA:46,2
DA:47,2
DA:49,2
DA:57,1
LF:27
LH:27
BRDA:16,0,0,0
BRDA:16,0,1,3
BRDA:24,1,0,0
BRDA:24,1,1,2
BRDA:38,2,0,1
BRDA:38,2,1,2
BRF:6
BRH:4
end_of_record
TN:
SF:src/models/index.js
FN:21,(anonymous_0)
FN:22,(anonymous_1)
FN:27,(anonymous_2)
FNF:3
FNH:3
FNDA:4,(anonymous_0)
FNDA:2,(anonymous_1)
FNDA:2,(anonymous_2)
DA:3,2
DA:4,2
DA:5,2
DA:7,2
DA:8,2
DA:9,2
DA:10,2
DA:13,2
DA:14,0
DA:16,2
DA:19,2
DA:21,4
DA:23,2
DA:24,2
DA:27,2
DA:28,2
DA:29,2
DA:33,2
DA:34,2
DA:36,2
LF:20
LH:19
BRDA:8,0,0,2
BRDA:8,0,1,0
BRDA:13,1,0,0
BRDA:13,1,1,2
BRDA:21,2,0,4
BRDA:21,2,1,4
BRDA:21,2,2,2
BRDA:28,3,0,2
BRDA:28,3,1,0
BRF:9
BRH:6
end_of_record
TN:
SF:src/models/todo.js
FN:5,(anonymous_0)
FN:12,(anonymous_1)
FNF:2
FNH:2
FNDA:2,(anonymous_0)
FNDA:2,(anonymous_1)
DA:3,2
DA:5,2
DA:16,2
DA:23,2
LF:4
LH:4
BRF:0
BRH:0
end_of_record
TN:
SF:src/services/todo.service.js
FN:8,(anonymous_0)
FN:14,(anonymous_1)
FN:25,(anonymous_2)
FN:36,(anonymous_3)
FN:43,(anonymous_4)
FNF:5
FNH:5
FNDA:1,(anonymous_0)
FNDA:1,(anonymous_1)
FNDA:1,(anonymous_2)
FNDA:2,(anonymous_3)
FNDA:1,(anonymous_4)
DA:6,2
DA:8,2
DA:9,1
DA:11,1
DA:14,2
DA:15,1
DA:22,1
DA:25,2
DA:26,1
DA:27,1
DA:29,1
DA:33,1
DA:36,2
DA:37,2
DA:38,2
DA:39,2
DA:40,2
DA:43,2
DA:44,1
DA:45,1
DA:48,2
LF:21
LH:21
BRDA:27,0,0,1
BRDA:27,0,1,1
BRF:2
BRH:2
end_of_record
