TN:
SF:src/handlers/todo.handler.js
FN:3,(anonymous_0)
FN:11,(anonymous_1)
FN:20,(anonymous_2)
FN:29,(anonymous_3)
FN:38,(anonymous_4)
FNF:5
FNH:5
FNDA:3,(anonymous_0)
FNDA:3,(anonymous_1)
FNDA:3,(anonymous_2)
FNDA:3,(anonymous_3)
FNDA:3,(anonymous_4)
DA:1,1
DA:3,1
DA:5,3
DA:6,3
DA:7,3
DA:8,2
DA:11,1
DA:12,3
DA:13,3
DA:14,3
DA:16,3
DA:17,2
DA:20,1
DA:21,3
DA:22,3
DA:23,3
DA:25,3
DA:26,2
DA:29,1
DA:30,3
DA:31,3
DA:32,3
DA:33,3
DA:34,3
DA:35,2
DA:38,1
DA:39,3
DA:40,3
DA:41,3
DA:42,3
DA:43,2
DA:51,1
LF:32
LH:32
BRDA:7,0,0,1
BRDA:7,0,1,2
BRDA:16,1,0,1
BRDA:16,1,1,2
BRDA:25,2,0,1
BRDA:25,2,1,2
BRDA:34,3,0,1
BRDA:34,3,1,2
BRDA:42,4,0,1
BRDA:42,4,1,2
BRF:10
BRH:10
end_of_record
TN:
SF:src/repository/todo.repository.js
FN:1,(anonymous_0)
FN:6,(anonymous_1)
FN:11,(anonymous_2)
FN:21,(anonymous_3)
FN:30,(anonymous_4)
FNF:5
FNH:0
FNDA:0,(anonymous_0)
FNDA:0,(anonymous_1)
FNDA:0,(anonymous_2)
FNDA:0,(anonymous_3)
FNDA:0,(anonymous_4)
DA:1,2
DA:2,0
DA:3,0
DA:6,2
DA:7,0
DA:8,0
DA:11,2
DA:13,0
DA:14,0
DA:16,0
DA:18,0
DA:21,2
DA:23,0
DA:24,0
DA:26,0
DA:27,0
DA:30,2
DA:32,0
DA:33,0
DA:36,2
LF:20
LH:6
BRF:0
BRH:0
end_of_record
TN:
SF:src/services/todo.service.js
FN:12,(anonymous_0)
FN:28,(anonymous_1)
FN:53,(anonymous_2)
FN:72,(anonymous_3)
FN:111,(anonymous_4)
FNF:5
FNH:5
FNDA:1,(anonymous_0)
FNDA:1,(anonymous_1)
FNDA:1,(anonymous_2)
FNDA:1,(anonymous_3)
FNDA:1,(anonymous_4)
DA:4,2
DA:12,2
DA:13,1
DA:17,1
DA:28,2
DA:29,1
DA:30,1
DA:53,2
DA:54,1
DA:55,1
DA:72,2
DA:73,1
DA:74,1
DA:111,2
DA:112,1
DA:113,1
DA:125,2
LF:17
LH:17
BRF:0
BRH:0
end_of_record
TN:
SF:src/utils/fsFunctions.js
FN:3,(anonymous_0)
FN:3,(anonymous_1)
FN:4,(anonymous_2)
FN:13,(anonymous_3)
FN:13,(anonymous_4)
FN:14,(anonymous_5)
FN:23,(anonymous_6)
FN:23,(anonymous_7)
FN:24,(anonymous_8)
FN:33,(anonymous_9)
FN:33,(anonymous_10)
FN:34,(anonymous_11)
FNF:12
FNH:0
FNDA:0,(anonymous_0)
FNDA:0,(anonymous_1)
FNDA:0,(anonymous_2)
FNDA:0,(anonymous_3)
FNDA:0,(anonymous_4)
FNDA:0,(anonymous_5)
FNDA:0,(anonymous_6)
FNDA:0,(anonymous_7)
FNDA:0,(anonymous_8)
FNDA:0,(anonymous_9)
FNDA:0,(anonymous_10)
FNDA:0,(anonymous_11)
DA:1,1
DA:3,1
DA:4,0
DA:5,0
DA:6,0
DA:8,0
DA:13,1
DA:14,0
DA:15,0
DA:16,0
DA:18,0
DA:23,1
DA:24,0
DA:25,0
DA:26,0
DA:28,0
DA:33,1
DA:34,0
DA:35,0
DA:36,0
DA:38,0
DA:43,1
LF:22
LH:6
BRDA:5,0,0,0
BRDA:5,0,1,0
BRDA:15,1,0,0
BRDA:15,1,1,0
BRDA:25,2,0,0
BRDA:25,2,1,0
BRDA:35,3,0,0
BRDA:35,3,1,0
BRF:8
BRH:0
end_of_record
